
          -------------------------------------------------------
          Amber 18 PMEMD                              2018
          -------------------------------------------------------

| PMEMD implementation of SANDER, Release 18

| Run on 01/20/2023 at 14:27:21

|   Executable path: /Release_x64/pmemd
| Working directory: /cygdrive/c/MYPROG/HAPACK/examples/MD/BPTI
|          Hostname: Unknown
  [-O]verwriting output

File Assignments:
|   MDIN: MOLSET.inp                                                            
|  MDOUT: MOLSET.out                                                            
| INPCRD: MOLSET.crd                                                            
|   PARM: MOLSET.top                                                            
| RESTRT: MOLSET.rst                                                            
|   REFC: MOLSET.ref                                                            
|  MDVEL: MOLSET.mdvel                                                          
|   MDEN: MOLSET.mden                                                           
|  MDCRD: MOLSET.mdcrd                                                          
| MDINFO: mdinfo                                                                
|  MDFRC: mdfrc                                                                 


 Here is the input file:

 Amber Input file for the molecule set MOLSET                                  
                                                                               
 &cntrl                                                                        
 imin=0,  nstlim=1000,  nscm=1000,                                             
 t=       0.000,  dt=       0.001,                                             
 ntpr=10,  ntwr=100,  ntwx=100,  ntwv=0,  ntwe=100,  ioutfm=0,  ntwprt=0,      
 ntf=1,  ntb=2,  dielc= 1.000,                                                 
 cut=12.000,  iwrap=1,                                                         
 irest= 0,  ntx= 1,  ntxo= 1, mdinfo_flush_interval = 2,                       
igb=0,                                                                         
ibelly=0, ntr=0,                                                               
 temp0=300.000,  tempi=300.000,  ntt=3,  gamma_ln= 5.000,                      
 tautp=   0.5000,                                                              
 ntp=1,  pres0= 1.000,  comp=44.600,  taup= 1.000,                             
 ntc=1, tol=   0.0005000,                                                      
 jfastw=0,                                                                     
  &end                                                                         


Note: ig = -1. Setting random seed to   221960 based on wallclock time in 
      microseconds.
| irandom = 1, using AMBER's internal random number generator (default).
 
 
| Conditional Compilation Defines Used:
| PUBFFT
| BINTRAJ
| EMIL

| Largest sphere to fit in unit cell has radius =    28.162

| New format PARM file being parsed.
| Version =    1.000 Date = 05/22/06 Time = 12:10:21

| Note: 1-4 EEL scale factors were NOT found in the topology file.
|       Using default value of 1.2.

| Note: 1-4 VDW scale factors were NOT found in the topology file.
|       Using default value of 2.0.
| Duplicated    0 dihedrals

| Duplicated    0 dihedrals

--------------------------------------------------------------------------------
   1.  RESOURCE   USE: 
--------------------------------------------------------------------------------

 getting new box info from bottom of inpcrd
 NATOM  =   18590 NTYPES =      13 NBONH =   18145 MBONA  =     459
 NTHETH =   18693 MTHETA =     618 NPHIH =    1881 MPHIA  =    1531
 NHPARM =       0 NPARM  =       0 NNB   =   28501 NRES   =    5962
 NBONA  =     459 NTHETA =     618 NPHIA =    1531 NUMBND =      22
 NUMANG =      29 NPTRA  =      47 NATYP =      13 NPHB   =       0
 IFBOX  =       1 NMXRS  =      26 IFCAP =       0 NEXTRA =       0
 NCOPY  =       0

| Coordinate Index Table dimensions:     8    8    8
| Direct force subcell size =     7.0404    7.0404    7.0404

     BOX TYPE: RECTILINEAR

--------------------------------------------------------------------------------
   2.  CONTROL  DATA  FOR  THE  RUN
--------------------------------------------------------------------------------

 Amber topology and parameter file for the molecule set MOLSET                  

General flags:
     imin    =       0, nmropt  =       0

Nature and format of input:
     ntx     =       1, irest   =       0, ntrx    =       1

Nature and format of output:
     ntxo    =       1, ntpr    =      10, ntrx    =       1, ntwr    =     100
     iwrap   =       1, ntwx    =     100, ntwv    =       0, ntwe    =     100
     ioutfm  =       0, ntwprt  =       0, idecomp =       0, rbornstat=      0

Potential function:
     ntf     =       1, ntb     =       2, igb     =       0, nsnb    =      25
     ipol    =       0, gbsa    =       0, iesp    =       0
     dielc   =   1.00000, cut     =  12.00000, intdiel =   1.00000

Frozen or restrained atoms:
     ibelly  =       0, ntr     =       0

Molecular dynamics:
     nstlim  =      1000, nscm    =      1000, nrespa  =         1
     t       =   0.00000, dt      =   0.00100, vlimit  =  20.00000

Langevin dynamics temperature regulation:
     ig      =  221960
     temp0   = 300.00000, tempi   = 300.00000, gamma_ln=   5.00000

Pressure regulation:
     ntp     =       1
     pres0   =   1.00000, comp    =  44.60000, taup    =   1.00000

| Intermolecular bonds treatment:
|     no_intermolecular_bonds =       1

| Energy averages sample interval:
|     ene_avg_sampling =      10

Ewald parameters:
     verbose =       0, ew_type =       0, nbflag  =       1, use_pme =       1
     vdwmeth =       1, eedmeth =       1, netfrc  =       1
     Box X =   56.323   Box Y =   56.323   Box Z =   56.323
     Alpha =   90.000   Beta  =   90.000   Gamma =   90.000
     NFFT1 =   60       NFFT2 =   60       NFFT3 =   60
     Cutoff=   12.000   Tol   =0.100E-04
     Ewald Coefficient =  0.22664
     Interpolation order =    4

--------------------------------------------------------------------------------
   3.  ATOMIC COORDINATES AND VELOCITIES
--------------------------------------------------------------------------------

 Amber Coordinate file for the molecule set MOLSET                              
 begin time read from input coords =     0.000 ps

 
 Number of triangulated 3-point waters found:     5905

     Sum of charges from parm topology file =   6.61789998
     Assuming uniform neutralizing plasma

| Dynamic Memory, Types Used:
| Reals              890229
| Integers           651649

| Nonbonded Pairs Initial Allocation:     9245271

--------------------------------------------------------------------------------
   4.  RESULTS
--------------------------------------------------------------------------------

 ---------------------------------------------------
 APPROXIMATING switch and d/dx switch using CUBIC SPLINE INTERPOLATION
 using   5000.0 points per unit in tabled values
 TESTING RELATIVE ERROR over r ranging from 0.0 to cutoff
| CHECK switch(x): max rel err =   0.2738E-14   at   2.422500
| CHECK d/dx switch(x): max rel err =   0.7967E-11   at   2.716640
 ---------------------------------------------------
|---------------------------------------------------
| APPROXIMATING direct energy using CUBIC SPLINE INTERPOLATION
|  with   50.0 points per unit in tabled values
| Relative Error Limit not exceeded for r .gt.   2.27
| APPROXIMATING direct force using CUBIC SPLINE INTERPOLATION
|  with   50.0 points per unit in tabled values
| Relative Error Limit not exceeded for r .gt.   2.78
|---------------------------------------------------

 NSTEP =        0   TIME(PS) =       0.000  TEMP(K) =   298.51  PRESS =********
 Etot   = **************  EKtot   =     16541.5179  EPtot      = **************
 BOND   =       108.8689  ANGLE   =       187.4761  DIHED      =       514.4303
 1-4 NB =       232.0702  1-4 EEL =      1696.2071  VDWAALS    = **************
 EELEC  =    -63420.5090  EHBOND  =         0.0000  RESTRAINT  =         0.0000
 EKCMT  =      5257.8109  VIRIAL  = **************  VOLUME     =    178672.7923
                                                    Density    =         1.0480
 Ewald error estimate:   0.2185E-03
 ------------------------------------------------------------------------------

