 ARG1:A.CA        1.8171 
 PRO2:A.CA        2.0066 
 ASP3:A.CA        1.8609 
 PHE4:A.CA        1.4509 
 CYS5:A.CA        1.2345 
 LEU6:A.CA        0.8848 
 GLU7:A.CA        1.0228 
 PRO8:A.CA        1.7319 
 PRO9:A.CA        1.9082 
 TYR10:A.CA        1.9352 
 THR11:A.CA        2.0249 
 GLY12:A.CA        1.8337 
 PRO13:A.CA        1.2552 
 CYS14:A.CA        0.6900 
 LYS15:A.CA        0.9100 
 ALA16:A.CA        0.6437 
 ARG17:A.CA        0.7150 
 ILE18:A.CA        0.9288 
 ILE19:A.CA        0.9705 
 ARG20:A.CA        0.7838 
 TYR21:A.CA        0.7207 
 PHE22:A.CA        0.9964 
 TYR23:A.CA        0.7874 
 ASN24:A.CA        0.6204 
 ALA25:A.CA        0.8553 
 LYS26:A.CA        1.0217 
 ALA27:A.CA        1.6981 
 GLY28:A.CA        2.6560 
 LEU29:A.CA        1.6919 
 CYS30:A.CA        1.7677 
 GLN31:A.CA        1.3379 
 THR32:A.CA        1.2930 
 PHE33:A.CA        1.1751 
 VAL34:A.CA        0.7333 
 TYR35:A.CA        0.9741 
 GLY36:A.CA        0.7672 
 GLY37:A.CA        0.9399 
 CYS38:A.CA        1.0335 
 ARG39:A.CA        1.4899 
 ALA40:A.CA        1.3108 
 LYS41:A.CA        1.1052 
 ARG42:A.CA        1.5089 
 ASN43:A.CA        1.6733 
 ASN44:A.CA        1.2814 
 PHE45:A.CA        1.1856 
 LYS46:A.CA        1.6810 
 SER47:A.CA        1.5725 
 ALA48:A.CA        1.6032 
 GLU49:A.CA        1.3775 
 ASP50:A.CA        1.3145 
 CYS51:A.CA        2.3300 
 MET52:A.CA        1.8473 
 ARG53:A.CA        1.0628 
 THR54:A.CA        0.8400 
 CYS55:A.CA        1.2435 
 GLY56:A.CA        2.2183 
