 ARG1:A.CA        0.5149 
 PRO2:A.CA        0.5552 
 ASP3:A.CA        0.5608 
 PHE4:A.CA        0.5164 
 CYS5:A.CA        0.4198 
 LEU6:A.CA        0.4325 
 GLU7:A.CA        0.3038 
 PRO8:A.CA        0.5079 
 PRO9:A.CA        0.5792 
 TYR10:A.CA        0.5758 
 THR11:A.CA        0.5796 
 GLY12:A.CA        0.5078 
 PRO13:A.CA        0.4217 
 CYS14:A.CA        0.3352 
 LYS15:A.CA        0.2751 
 ALA16:A.CA        0.2402 
 ARG17:A.CA        0.1775 
 ILE18:A.CA        0.2100 
 ILE19:A.CA        0.3205 
 ARG20:A.CA        0.2772 
 TYR21:A.CA        0.2652 
 PHE22:A.CA        0.4804 
 TYR23:A.CA        0.4291 
 ASN24:A.CA        0.2752 
 ALA25:A.CA        0.2764 
 LYS26:A.CA        0.4061 
 ALA27:A.CA        0.3946 
 GLY28:A.CA        1.0097 
 LEU29:A.CA        0.4745 
 CYS30:A.CA        0.5755 
 GLN31:A.CA        0.4107 
 THR32:A.CA        0.4138 
 PHE33:A.CA        0.3823 
 VAL34:A.CA        0.3026 
 TYR35:A.CA        0.4436 
 GLY36:A.CA        0.4954 
 GLY37:A.CA        0.4175 
 CYS38:A.CA        0.3121 
 ARG39:A.CA        0.3993 
 ALA40:A.CA        0.3773 
 LYS41:A.CA        0.3372 
 ARG42:A.CA        0.4474 
 ASN43:A.CA        0.4469 
 ASN44:A.CA        0.3562 
 PHE45:A.CA        0.3241 
 LYS46:A.CA        0.5041 
 SER47:A.CA        0.5523 
 ALA48:A.CA        0.4803 
 GLU49:A.CA        0.3732 
 ASP50:A.CA        0.5470 
 CYS51:A.CA        0.8292 
 MET52:A.CA        0.5923 
 ARG53:A.CA        0.4847 
 THR54:A.CA        0.2995 
 CYS55:A.CA        0.4315 
 GLY56:A.CA        0.8810 
